2024-07-31 21:21:25,818 [main] [INFO ] rootLogger:42:Commands.java - Entered the value mac in By.name: search
2024-07-31 21:21:27,417 [main] [INFO ] rootLogger:27:Commands.java - Click is passed on:  By.xpath: //div[@id='search']//span
2024-07-31 21:21:28,808 [main] [INFO ] rootLogger:27:Commands.java - Click is passed on:  By.xpath: //a[text()='iMac']
2024-07-31 21:21:28,913 [main] [INFO ] rootLogger:42:Commands.java - Entered the value 0 in By.name: quantity
2024-07-31 21:21:28,984 [main] [INFO ] rootLogger:27:Commands.java - Click is passed on:  By.id: button-cart
2024-07-31 21:21:29,052 [main] [INFO ] rootLogger:27:Commands.java - Click is passed on:  By.xpath: //span[@id='cart-total']/..
2024-07-31 21:21:29,082 [main] [INFO ] rootLogger:66:Commands.java - Get the text message from the application UI. The value is : Your shopping cart is empty!
2024-07-31 21:23:57,636 [main] [INFO ] rootLogger:42:Commands.java - Entered the value mac in By.name: search
2024-07-31 21:23:58,210 [main] [INFO ] rootLogger:27:Commands.java - Click is passed on:  By.xpath: //div[@id='search']//span
2024-07-31 21:23:59,252 [main] [INFO ] rootLogger:27:Commands.java - Click is passed on:  By.xpath: //a[text()='iMac']
2024-07-31 21:23:59,419 [main] [INFO ] rootLogger:42:Commands.java - Entered the value 0 in By.name: quantity
2024-07-31 21:23:59,542 [main] [INFO ] rootLogger:27:Commands.java - Click is passed on:  By.id: button-cart
2024-07-31 21:23:59,642 [main] [INFO ] rootLogger:27:Commands.java - Click is passed on:  By.xpath: //span[@id='cart-total']/..
2024-07-31 21:23:59,675 [main] [INFO ] rootLogger:66:Commands.java - Get the text message from the application UI. The value is : Your shopping cart is empty!
2024-07-31 21:23:59,676 [main] [INFO ] rootLogger:81:Commands.java - Validation is successful between respective stringsYour shopping cart is empty!,,Your shopping cart is null!
2024-07-31 21:24:53,717 [main] [INFO ] rootLogger:42:Commands.java - Entered the value mac in By.name: search
2024-07-31 21:24:54,467 [main] [INFO ] rootLogger:27:Commands.java - Click is passed on:  By.xpath: //div[@id='search']//span
2024-07-31 21:24:55,692 [main] [INFO ] rootLogger:27:Commands.java - Click is passed on:  By.xpath: //a[text()='iMac']
2024-07-31 21:24:55,885 [main] [INFO ] rootLogger:42:Commands.java - Entered the value 0 in By.name: quantity
2024-07-31 21:24:56,022 [main] [INFO ] rootLogger:27:Commands.java - Click is passed on:  By.id: button-cart
2024-07-31 21:24:56,106 [main] [INFO ] rootLogger:27:Commands.java - Click is passed on:  By.xpath: //span[@id='cart-total']/..
2024-07-31 21:25:00,192 [main] [INFO ] rootLogger:66:Commands.java - Get the text message from the application UI. The value is : Your shopping cart is empty!
2024-07-31 21:26:36,008 [main] [INFO ] rootLogger:42:Commands.java - Entered the value mac in By.name: search
2024-07-31 21:26:36,755 [main] [INFO ] rootLogger:27:Commands.java - Click is passed on:  By.xpath: //div[@id='search']//span
2024-07-31 21:26:38,112 [main] [INFO ] rootLogger:27:Commands.java - Click is passed on:  By.xpath: //a[text()='iMac']
2024-07-31 21:26:38,355 [main] [INFO ] rootLogger:42:Commands.java - Entered the value 0 in By.name: quantity
2024-07-31 21:26:38,467 [main] [INFO ] rootLogger:27:Commands.java - Click is passed on:  By.id: button-cart
2024-07-31 21:26:38,579 [main] [INFO ] rootLogger:27:Commands.java - Click is passed on:  By.xpath: //span[@id='cart-total']/..
2024-07-31 21:26:38,619 [main] [INFO ] rootLogger:66:Commands.java - Get the text message from the application UI. The value is : Your shopping cart is empty!
2024-07-31 21:26:38,619 [main] [ERROR] rootLogger:83:Commands.java - VALIDATION IS FAILED BETWEENYour shopping cart is empty!,,Your shopping cart is null!
2024-07-31 21:27:21,718 [main] [INFO ] rootLogger:42:Commands.java - Entered the value mac in By.name: search
2024-07-31 21:27:22,312 [main] [INFO ] rootLogger:27:Commands.java - Click is passed on:  By.xpath: //div[@id='search']//span
2024-07-31 21:27:23,313 [main] [INFO ] rootLogger:27:Commands.java - Click is passed on:  By.xpath: //a[text()='iMac']
2024-07-31 21:27:23,413 [main] [INFO ] rootLogger:42:Commands.java - Entered the value 0 in By.name: quantity
2024-07-31 21:27:23,475 [main] [INFO ] rootLogger:27:Commands.java - Click is passed on:  By.id: button-cart
2024-07-31 21:27:23,546 [main] [INFO ] rootLogger:27:Commands.java - Click is passed on:  By.xpath: //span[@id='cart-total']/..
2024-07-31 21:27:23,577 [main] [INFO ] rootLogger:66:Commands.java - Get the text message from the application UI. The value is : Your shopping cart is empty!
2024-07-31 21:27:23,578 [main] [ERROR] rootLogger:83:Commands.java - VALIDATION IS FAILED BETWEENYour shopping cart is empty!,,Your shopping cart is null!
2024-08-01 19:30:42,424 [main] [INFO ] rootLogger:42:Commands.java - Entered the value mac in By.name: search
2024-08-01 19:30:42,914 [main] [INFO ] rootLogger:27:Commands.java - Click is passed on:  By.xpath: //div[@id='search']//span
2024-08-01 19:30:43,830 [main] [INFO ] rootLogger:27:Commands.java - Click is passed on:  By.xpath: //a[text()='iMac']
2024-08-01 19:30:43,954 [main] [INFO ] rootLogger:42:Commands.java - Entered the value 2 in By.name: quantity
2024-08-01 19:30:44,028 [main] [INFO ] rootLogger:27:Commands.java - Click is passed on:  By.id: button-cart
2024-08-01 19:30:44,111 [main] [INFO ] rootLogger:27:Commands.java - Click is passed on:  By.xpath: //span[@id='cart-total']/..
2024-08-01 19:30:44,145 [main] [INFO ] rootLogger:66:Commands.java - Get the text message from the application UI. The value is : Your shopping cart is empty!
2024-08-01 19:30:44,146 [main] [INFO ] rootLogger:81:Commands.java - Validation is successful between respective stringsYour shopping cart is empty!,,Your shopping cart is empty!
2024-08-01 19:43:28,798 [main] [INFO ] rootLogger:42:Commands.java - Entered the value mac in By.name: search
2024-08-01 19:43:29,234 [main] [INFO ] rootLogger:27:Commands.java - Click is passed on:  By.xpath: //div[@id='search']//span
2024-08-01 19:43:36,114 [main] [INFO ] rootLogger:27:Commands.java - Click is passed on:  By.xpath: //a[text()='iMac']
2024-08-01 19:43:36,270 [main] [INFO ] rootLogger:42:Commands.java - Entered the value 2 in By.name: quantity
2024-08-01 19:43:36,419 [main] [INFO ] rootLogger:27:Commands.java - Click is passed on:  By.id: button-cart
2024-08-01 19:43:36,537 [main] [INFO ] rootLogger:27:Commands.java - Click is passed on:  By.xpath: //span[@id='cart-total']/..
2024-08-01 19:43:36,599 [main] [INFO ] rootLogger:66:Commands.java - Get the text message from the application UI. The value is : View Cart   Checkout
2024-08-01 19:43:36,600 [main] [ERROR] rootLogger:83:Commands.java - VALIDATION IS FAILED BETWEENView Cart   Checkout,,Your shopping cart is empty!
2024-08-01 19:44:26,327 [main] [INFO ] rootLogger:42:Commands.java - Entered the value mac in By.name: search
2024-08-01 19:44:26,902 [main] [INFO ] rootLogger:27:Commands.java - Click is passed on:  By.xpath: //div[@id='search']//span
2024-08-01 19:44:39,416 [main] [INFO ] rootLogger:27:Commands.java - Click is passed on:  By.xpath: //a[text()='iMac']
2024-08-01 19:44:39,464 [main] [ERROR] rootLogger:45:Commands.java - Entering 2is failed  in  By.name: quantity
2024-08-01 19:44:39,476 [main] [ERROR] rootLogger:46:Commands.java - no such window: target window already closed
from unknown error: web view not found
  (Session info: chrome=126.0.6478.127)
Build info: version: '4.18.1', revision: 'b1d3319b48'
System info: os.name: 'Windows 11', os.arch: 'amd64', os.version: '10.0', java.version: '11.0.20'
Driver info: org.openqa.selenium.chrome.ChromeDriver
Command: [6c49b02c989a09097e8ff87c5fa55d76, findElement {value=quantity, using=name}]
Capabilities {acceptInsecureCerts: false, browserName: chrome, browserVersion: 126.0.6478.127, chrome: {chromedriverVersion: 126.0.6478.182 (5b5d8292ddf..., userDataDir: C:\Users\Satee\AppData\Loca...}, fedcm:accounts: true, goog:chromeOptions: {debuggerAddress: localhost:63540}, networkConnectionEnabled: false, pageLoadStrategy: normal, platformName: windows, proxy: Proxy(), se:cdp: ws://localhost:63540/devtoo..., se:cdpVersion: 126.0.6478.127, setWindowRect: true, strictFileInteractability: false, timeouts: {implicit: 0, pageLoad: 300000, script: 30000}, unhandledPromptBehavior: dismiss and notify, webauthn:extension:credBlob: true, webauthn:extension:largeBlob: true, webauthn:extension:minPinLength: true, webauthn:extension:prf: true, webauthn:virtualAuthenticators: true}
Session ID: 6c49b02c989a09097e8ff87c5fa55d76
2024-08-01 19:46:44,383 [main] [INFO ] rootLogger:42:Commands.java - Entered the value mac in By.name: search
2024-08-01 19:46:45,695 [main] [INFO ] rootLogger:27:Commands.java - Click is passed on:  By.xpath: //div[@id='search']//span
2024-08-01 19:46:55,105 [main] [INFO ] rootLogger:27:Commands.java - Click is passed on:  By.xpath: //a[text()='iMac']
2024-08-01 19:46:55,239 [main] [INFO ] rootLogger:42:Commands.java - Entered the value 2 in By.name: quantity
2024-08-01 19:46:55,406 [main] [INFO ] rootLogger:27:Commands.java - Click is passed on:  By.id: button-cart
2024-08-01 19:46:55,585 [main] [INFO ] rootLogger:27:Commands.java - Click is passed on:  By.xpath: //span[@id='cart-total']/..
2024-08-01 19:46:55,626 [main] [INFO ] rootLogger:66:Commands.java - Get the text message from the application UI. The value is : View Cart   Checkout
2024-08-01 19:46:55,626 [main] [ERROR] rootLogger:83:Commands.java - VALIDATION IS FAILED BETWEENView Cart   Checkout,,Your shopping cart is empty!
2024-08-01 19:48:52,539 [main] [INFO ] rootLogger:42:Commands.java - Entered the value mac in By.name: search
2024-08-01 19:48:53,039 [main] [INFO ] rootLogger:27:Commands.java - Click is passed on:  By.xpath: //div[@id='search']//span
2024-08-01 19:48:56,353 [main] [INFO ] rootLogger:27:Commands.java - Click is passed on:  By.xpath: //a[text()='iMac']
2024-08-01 19:48:56,489 [main] [INFO ] rootLogger:42:Commands.java - Entered the value 2 in By.name: quantity
2024-08-01 19:48:56,582 [main] [INFO ] rootLogger:27:Commands.java - Click is passed on:  By.id: button-cart
2024-08-01 19:48:56,670 [main] [INFO ] rootLogger:27:Commands.java - Click is passed on:  By.xpath: //span[@id='cart-total']/..
2024-08-01 19:48:56,700 [main] [INFO ] rootLogger:66:Commands.java - Get the text message from the application UI. The value is : View Cart   Checkout
2024-08-01 19:48:56,700 [main] [ERROR] rootLogger:83:Commands.java - VALIDATION IS FAILED BETWEENView Cart   Checkout,,Your shopping cart is empty!
2024-08-01 19:49:01,305 [main] [INFO ] rootLogger:42:Commands.java - Entered the value mac in By.name: search
2024-08-01 19:49:01,818 [main] [INFO ] rootLogger:27:Commands.java - Click is passed on:  By.xpath: //div[@id='search']//span
2024-08-01 19:49:08,637 [main] [INFO ] rootLogger:27:Commands.java - Click is passed on:  By.xpath: //a[text()='iMac']
2024-08-01 19:49:08,771 [main] [INFO ] rootLogger:42:Commands.java - Entered the value 2 in By.name: quantity
2024-08-01 19:49:08,800 [main] [INFO ] rootLogger:66:Commands.java - Get the text message from the application UI. The value is : iMac
2024-08-01 19:49:08,905 [main] [INFO ] rootLogger:27:Commands.java - Click is passed on:  By.id: button-cart
2024-08-01 19:49:08,994 [main] [INFO ] rootLogger:27:Commands.java - Click is passed on:  By.xpath: //span[@id='cart-total']/..
2024-08-01 19:49:09,021 [main] [INFO ] rootLogger:66:Commands.java - Get the text message from the application UI. The value is : iMac
2024-08-01 19:49:09,021 [main] [INFO ] rootLogger:81:Commands.java - Validation is successful between respective stringsiMac,,iMac
2024-08-01 19:49:09,088 [main] [INFO ] rootLogger:27:Commands.java - Click is passed on:  By.xpath: //button[@title='Remove']
2024-08-01 19:52:24,262 [main] [INFO ] rootLogger:42:Commands.java - Entered the value mac in By.name: search
2024-08-01 19:52:24,758 [main] [INFO ] rootLogger:27:Commands.java - Click is passed on:  By.xpath: //div[@id='search']//span
2024-08-01 19:52:25,641 [main] [INFO ] rootLogger:27:Commands.java - Click is passed on:  By.xpath: //a[text()='iMac']
2024-08-01 19:52:25,748 [main] [INFO ] rootLogger:42:Commands.java - Entered the value 2 in By.name: quantity
2024-08-01 19:52:25,833 [main] [INFO ] rootLogger:27:Commands.java - Click is passed on:  By.id: button-cart
2024-08-01 19:52:25,914 [main] [INFO ] rootLogger:27:Commands.java - Click is passed on:  By.xpath: //span[@id='cart-total']/..
2024-08-01 19:52:25,954 [main] [INFO ] rootLogger:66:Commands.java - Get the text message from the application UI. The value is : Your shopping cart is empty!
2024-08-01 19:52:25,955 [main] [INFO ] rootLogger:81:Commands.java - Validation is successful between respective stringsYour shopping cart is empty!,,Your shopping cart is empty!
2024-08-01 20:05:55,560 [main] [INFO ] rootLogger:42:Commands.java - Entered the value mac in By.name: search
2024-08-01 20:05:56,036 [main] [INFO ] rootLogger:27:Commands.java - Click is passed on:  By.xpath: //div[@id='search']//span
2024-08-01 20:06:01,668 [main] [INFO ] rootLogger:27:Commands.java - Click is passed on:  By.xpath: //a[text()='iMac']
2024-08-01 20:06:01,818 [main] [INFO ] rootLogger:42:Commands.java - Entered the value 2 in By.name: quantity
2024-08-01 20:06:01,899 [main] [INFO ] rootLogger:27:Commands.java - Click is passed on:  By.id: button-cart
2024-08-01 20:06:01,984 [main] [INFO ] rootLogger:27:Commands.java - Click is passed on:  By.xpath: //span[@id='cart-total']/..
2024-08-01 20:06:02,009 [main] [INFO ] rootLogger:66:Commands.java - Get the text message from the application UI. The value is : View Cart   Checkout
2024-08-01 20:06:02,009 [main] [ERROR] rootLogger:83:Commands.java - VALIDATION IS FAILED BETWEENView Cart   Checkout,,Your shopping cart is empty!
2024-08-02 18:42:15,239 [main] [INFO ] rootLogger:42:Commands.java - Entered the value mac in By.name: search
2024-08-02 18:42:15,874 [main] [INFO ] rootLogger:27:Commands.java - Click is passed on:  By.xpath: //div[@id='search']//span
2024-08-02 18:42:23,208 [main] [INFO ] rootLogger:27:Commands.java - Click is passed on:  By.xpath: //a[text()='iMac']
2024-08-02 18:42:23,407 [main] [INFO ] rootLogger:42:Commands.java - Entered the value 2 in By.name: quantity
2024-08-02 18:42:23,539 [main] [INFO ] rootLogger:27:Commands.java - Click is passed on:  By.id: button-cart
2024-08-02 18:42:23,686 [main] [INFO ] rootLogger:27:Commands.java - Click is passed on:  By.xpath: //span[@id='cart-total']/..
2024-08-02 18:42:23,771 [main] [INFO ] rootLogger:66:Commands.java - Get the text message from the application UI. The value is : View Cart   Checkout
2024-08-02 18:42:23,772 [main] [ERROR] rootLogger:83:Commands.java - VALIDATION IS FAILED BETWEENView Cart   Checkout,,Your shopping cart is empty!
2024-08-02 18:42:29,574 [main] [INFO ] rootLogger:42:Commands.java - Entered the value mac in By.name: search
2024-08-02 18:42:30,337 [main] [INFO ] rootLogger:27:Commands.java - Click is passed on:  By.xpath: //div[@id='search']//span
2024-08-02 18:42:34,129 [main] [INFO ] rootLogger:27:Commands.java - Click is passed on:  By.xpath: //a[text()='iMac']
2024-08-02 18:42:34,356 [main] [INFO ] rootLogger:42:Commands.java - Entered the value 2 in By.name: quantity
2024-08-02 18:42:34,396 [main] [INFO ] rootLogger:66:Commands.java - Get the text message from the application UI. The value is : iMac
2024-08-02 18:42:34,521 [main] [INFO ] rootLogger:27:Commands.java - Click is passed on:  By.id: button-cart
2024-08-02 18:42:34,635 [main] [INFO ] rootLogger:27:Commands.java - Click is passed on:  By.xpath: //span[@id='cart-total']/..
2024-08-02 18:42:34,684 [main] [INFO ] rootLogger:66:Commands.java - Get the text message from the application UI. The value is : iMac
2024-08-02 18:42:34,687 [main] [INFO ] rootLogger:81:Commands.java - Validation is successful between respective stringsiMac,,iMac
2024-08-02 18:42:34,839 [main] [INFO ] rootLogger:27:Commands.java - Click is passed on:  By.xpath: //button[@title='Remove']
2024-08-02 19:02:20,819 [main] [INFO ] rootLogger:42:Commands.java - Entered the value mac in By.name: search
2024-08-02 19:02:21,302 [main] [INFO ] rootLogger:27:Commands.java - Click is passed on:  By.xpath: //div[@id='search']//span
2024-08-02 19:02:22,243 [main] [INFO ] rootLogger:27:Commands.java - Click is passed on:  By.xpath: //a[text()='iMac']
2024-08-02 19:02:22,376 [main] [INFO ] rootLogger:42:Commands.java - Entered the value 2 in By.name: quantity
2024-08-02 19:02:22,477 [main] [INFO ] rootLogger:27:Commands.java - Click is passed on:  By.id: button-cart
2024-08-02 19:02:22,558 [main] [INFO ] rootLogger:27:Commands.java - Click is passed on:  By.xpath: //span[@id='cart-total']/..
2024-08-02 19:02:22,591 [main] [INFO ] rootLogger:66:Commands.java - Get the text message from the application UI. The value is : Your shopping cart is empty!
2024-08-02 19:02:22,591 [main] [INFO ] rootLogger:81:Commands.java - Validation is successful between respective stringsYour shopping cart is empty!,,Your shopping cart is empty!
2024-08-02 19:02:28,057 [main] [INFO ] rootLogger:42:Commands.java - Entered the value mac in By.name: search
2024-08-02 19:02:28,690 [main] [INFO ] rootLogger:27:Commands.java - Click is passed on:  By.xpath: //div[@id='search']//span
2024-08-02 19:02:34,670 [main] [INFO ] rootLogger:27:Commands.java - Click is passed on:  By.xpath: //a[text()='iMac']
2024-08-02 19:02:34,836 [main] [INFO ] rootLogger:42:Commands.java - Entered the value 2 in By.name: quantity
2024-08-02 19:02:34,973 [main] [INFO ] rootLogger:66:Commands.java - Get the text message from the application UI. The value is : iMac
2024-08-02 19:02:35,065 [main] [INFO ] rootLogger:27:Commands.java - Click is passed on:  By.id: button-cart
2024-08-02 19:02:35,164 [main] [INFO ] rootLogger:27:Commands.java - Click is passed on:  By.xpath: //span[@id='cart-total']/..
2024-08-02 19:02:35,194 [main] [INFO ] rootLogger:66:Commands.java - Get the text message from the application UI. The value is : iMac
2024-08-02 19:02:35,196 [main] [INFO ] rootLogger:81:Commands.java - Validation is successful between respective stringsiMac,,iMac
2024-08-02 19:02:35,305 [main] [INFO ] rootLogger:27:Commands.java - Click is passed on:  By.xpath: //button[@title='Remove']
2024-08-02 19:14:59,065 [main] [INFO ] rootLogger:42:Commands.java - Entered the value mac in By.name: search
2024-08-02 19:14:59,725 [main] [INFO ] rootLogger:27:Commands.java - Click is passed on:  By.xpath: //div[@id='search']//span
2024-08-02 19:15:00,989 [main] [INFO ] rootLogger:27:Commands.java - Click is passed on:  By.xpath: //a[text()='iMac']
2024-08-02 19:15:01,153 [main] [INFO ] rootLogger:42:Commands.java - Entered the value 2 in By.name: quantity
2024-08-02 19:15:01,251 [main] [INFO ] rootLogger:27:Commands.java - Click is passed on:  By.id: button-cart
2024-08-02 19:15:01,340 [main] [INFO ] rootLogger:27:Commands.java - Click is passed on:  By.xpath: //span[@id='cart-total']/..
2024-08-02 19:15:01,375 [main] [INFO ] rootLogger:66:Commands.java - Get the text message from the application UI. The value is : Your shopping cart is empty!
2024-08-02 19:15:01,376 [main] [INFO ] rootLogger:81:Commands.java - Validation is successful between respective stringsYour shopping cart is empty!,,Your shopping cart is empty!
2024-08-02 19:15:06,696 [main] [INFO ] rootLogger:42:Commands.java - Entered the value mac in By.name: search
2024-08-02 19:15:07,224 [main] [INFO ] rootLogger:27:Commands.java - Click is passed on:  By.xpath: //div[@id='search']//span
2024-08-02 19:15:30,305 [main] [INFO ] rootLogger:27:Commands.java - Click is passed on:  By.xpath: //a[text()='iMac']
2024-08-02 19:15:30,416 [main] [INFO ] rootLogger:42:Commands.java - Entered the value 2 in By.name: quantity
2024-08-02 19:15:30,443 [main] [INFO ] rootLogger:66:Commands.java - Get the text message from the application UI. The value is : iMac
2024-08-02 19:15:30,531 [main] [INFO ] rootLogger:27:Commands.java - Click is passed on:  By.id: button-cart
2024-08-02 19:15:30,603 [main] [INFO ] rootLogger:27:Commands.java - Click is passed on:  By.xpath: //span[@id='cart-total']/..
2024-08-02 19:15:30,631 [main] [INFO ] rootLogger:66:Commands.java - Get the text message from the application UI. The value is : iMac
2024-08-02 19:15:30,632 [main] [INFO ] rootLogger:81:Commands.java - Validation is successful between respective stringsiMac,,iMac
2024-08-02 19:15:30,701 [main] [INFO ] rootLogger:27:Commands.java - Click is passed on:  By.xpath: //button[@title='Remove']
2024-08-02 19:28:25,083 [main] [INFO ] rootLogger:42:Commands.java - Entered the value mac in By.name: search
2024-08-02 19:28:25,998 [main] [INFO ] rootLogger:27:Commands.java - Click is passed on:  By.xpath: //div[@id='search']//span
2024-08-02 19:28:26,898 [main] [INFO ] rootLogger:27:Commands.java - Click is passed on:  By.xpath: //a[text()='iMac']
2024-08-02 19:28:27,043 [main] [INFO ] rootLogger:42:Commands.java - Entered the value 2 in By.name: quantity
2024-08-02 19:28:27,148 [main] [INFO ] rootLogger:27:Commands.java - Click is passed on:  By.id: button-cart
2024-08-02 19:28:27,243 [main] [INFO ] rootLogger:27:Commands.java - Click is passed on:  By.xpath: //span[@id='cart-total']/..
2024-08-02 19:28:27,287 [main] [INFO ] rootLogger:66:Commands.java - Get the text message from the application UI. The value is : Your shopping cart is empty!
2024-08-02 19:28:27,289 [main] [INFO ] rootLogger:81:Commands.java - Validation is successful between respective stringsYour shopping cart is empty!,,Your shopping cart is empty!
2024-08-02 19:28:33,706 [main] [INFO ] rootLogger:42:Commands.java - Entered the value mac in By.name: search
2024-08-02 19:28:34,689 [main] [INFO ] rootLogger:27:Commands.java - Click is passed on:  By.xpath: //div[@id='search']//span
2024-08-02 19:28:48,657 [main] [INFO ] rootLogger:27:Commands.java - Click is passed on:  By.xpath: //a[text()='iMac']
2024-08-02 19:28:48,802 [main] [INFO ] rootLogger:42:Commands.java - Entered the value 2 in By.name: quantity
2024-08-02 19:28:48,841 [main] [INFO ] rootLogger:66:Commands.java - Get the text message from the application UI. The value is : iMac
2024-08-02 19:28:48,943 [main] [INFO ] rootLogger:27:Commands.java - Click is passed on:  By.id: button-cart
2024-08-02 19:28:49,028 [main] [INFO ] rootLogger:27:Commands.java - Click is passed on:  By.xpath: //span[@id='cart-total']/..
2024-08-02 19:28:49,059 [main] [INFO ] rootLogger:66:Commands.java - Get the text message from the application UI. The value is : iMac
2024-08-02 19:28:49,060 [main] [INFO ] rootLogger:81:Commands.java - Validation is successful between respective stringsiMac,,iMac
2024-08-02 19:28:49,165 [main] [INFO ] rootLogger:27:Commands.java - Click is passed on:  By.xpath: //button[@title='Remove']
2024-08-02 19:32:54,539 [main] [INFO ] rootLogger:42:Commands.java - Entered the value mac in By.name: search
2024-08-02 19:32:55,165 [main] [INFO ] rootLogger:27:Commands.java - Click is passed on:  By.xpath: //div[@id='search']//span
2024-08-02 19:32:56,478 [main] [INFO ] rootLogger:27:Commands.java - Click is passed on:  By.xpath: //a[text()='iMac']
2024-08-02 19:32:56,631 [main] [INFO ] rootLogger:42:Commands.java - Entered the value 2 in By.name: quantity
2024-08-02 19:32:56,744 [main] [INFO ] rootLogger:27:Commands.java - Click is passed on:  By.id: button-cart
2024-08-02 19:32:56,846 [main] [INFO ] rootLogger:27:Commands.java - Click is passed on:  By.xpath: //span[@id='cart-total']/..
2024-08-02 19:32:56,892 [main] [INFO ] rootLogger:66:Commands.java - Get the text message from the application UI. The value is : Your shopping cart is empty!
2024-08-02 19:32:56,894 [main] [INFO ] rootLogger:81:Commands.java - Validation is successful between respective stringsYour shopping cart is empty!,,Your shopping cart is empty!
2024-08-02 19:33:01,924 [main] [INFO ] rootLogger:42:Commands.java - Entered the value mac in By.name: search
2024-08-02 19:33:02,391 [main] [INFO ] rootLogger:27:Commands.java - Click is passed on:  By.xpath: //div[@id='search']//span
2024-08-02 19:33:17,759 [main] [INFO ] rootLogger:27:Commands.java - Click is passed on:  By.xpath: //a[text()='iMac']
2024-08-02 19:33:17,904 [main] [INFO ] rootLogger:42:Commands.java - Entered the value 2 in By.name: quantity
2024-08-02 19:33:17,986 [main] [INFO ] rootLogger:66:Commands.java - Get the text message from the application UI. The value is : iMac
2024-08-02 19:33:18,092 [main] [INFO ] rootLogger:27:Commands.java - Click is passed on:  By.id: button-cart
2024-08-02 19:33:18,183 [main] [INFO ] rootLogger:27:Commands.java - Click is passed on:  By.xpath: //span[@id='cart-total']/..
2024-08-02 19:33:18,216 [main] [INFO ] rootLogger:66:Commands.java - Get the text message from the application UI. The value is : iMac
2024-08-02 19:33:18,218 [main] [INFO ] rootLogger:81:Commands.java - Validation is successful between respective stringsiMac,,iMac
2024-08-02 19:33:18,298 [main] [INFO ] rootLogger:27:Commands.java - Click is passed on:  By.xpath: //button[@title='Remove']
2024-08-02 19:38:50,873 [main] [INFO ] rootLogger:42:Commands.java - Entered the value mac in By.name: search
2024-08-02 19:38:51,379 [main] [INFO ] rootLogger:27:Commands.java - Click is passed on:  By.xpath: //div[@id='search']//span
2024-08-02 19:38:52,312 [main] [INFO ] rootLogger:27:Commands.java - Click is passed on:  By.xpath: //a[text()='iMac']
2024-08-02 19:38:52,459 [main] [INFO ] rootLogger:42:Commands.java - Entered the value 2 in By.name: quantity
2024-08-02 19:38:52,569 [main] [INFO ] rootLogger:27:Commands.java - Click is passed on:  By.id: button-cart
2024-08-02 19:38:52,676 [main] [INFO ] rootLogger:27:Commands.java - Click is passed on:  By.xpath: //span[@id='cart-total']/..
2024-08-02 19:38:52,724 [main] [INFO ] rootLogger:66:Commands.java - Get the text message from the application UI. The value is : Your shopping cart is empty!
2024-08-02 19:38:52,725 [main] [INFO ] rootLogger:81:Commands.java - Validation is successful between respective stringsYour shopping cart is empty!,,Your shopping cart is empty!
2024-08-02 19:38:57,365 [main] [INFO ] rootLogger:42:Commands.java - Entered the value mac in By.name: search
2024-08-02 19:38:57,862 [main] [INFO ] rootLogger:27:Commands.java - Click is passed on:  By.xpath: //div[@id='search']//span
2024-08-02 19:39:06,860 [main] [INFO ] rootLogger:27:Commands.java - Click is passed on:  By.xpath: //a[text()='iMac']
2024-08-02 19:39:07,030 [main] [INFO ] rootLogger:42:Commands.java - Entered the value 2 in By.name: quantity
2024-08-02 19:39:07,077 [main] [INFO ] rootLogger:66:Commands.java - Get the text message from the application UI. The value is : iMac
2024-08-02 19:39:07,260 [main] [INFO ] rootLogger:27:Commands.java - Click is passed on:  By.id: button-cart
2024-08-02 19:39:07,382 [main] [INFO ] rootLogger:27:Commands.java - Click is passed on:  By.xpath: //span[@id='cart-total']/..
2024-08-02 19:39:07,432 [main] [INFO ] rootLogger:66:Commands.java - Get the text message from the application UI. The value is : iMac
2024-08-02 19:39:07,432 [main] [INFO ] rootLogger:81:Commands.java - Validation is successful between respective stringsiMac,,iMac
2024-08-02 19:39:07,566 [main] [INFO ] rootLogger:27:Commands.java - Click is passed on:  By.xpath: //button[@title='Remove']
2024-08-02 20:00:05,100 [main] [INFO ] rootLogger:42:Commands.java - Entered the value mac in By.name: search
2024-08-02 20:00:05,614 [main] [INFO ] rootLogger:27:Commands.java - Click is passed on:  By.xpath: //div[@id='search']//span
2024-08-02 20:00:06,549 [main] [INFO ] rootLogger:27:Commands.java - Click is passed on:  By.xpath: //a[text()='iMac']
2024-08-02 20:00:26,662 [main] [ERROR] rootLogger:45:Commands.java - Entering 2is failed  in  By.name: quantity23
2024-08-02 20:00:26,664 [main] [ERROR] rootLogger:46:Commands.java - no such element: Unable to locate element: {"method":"css selector","selector":"*[name='quantity23']"}
  (Session info: chrome=126.0.6478.127)
For documentation on this error, please visit: https://www.selenium.dev/documentation/webdriver/troubleshooting/errors#no-such-element-exception
Build info: version: '4.18.1', revision: 'b1d3319b48'
System info: os.name: 'Windows 11', os.arch: 'amd64', os.version: '10.0', java.version: '11.0.20'
Driver info: org.openqa.selenium.chrome.ChromeDriver
Command: [1f3fdb22acd55895190380ab94730664, findElement {value=quantity23, using=name}]
Capabilities {acceptInsecureCerts: false, browserName: chrome, browserVersion: 126.0.6478.127, chrome: {chromedriverVersion: 126.0.6478.182 (5b5d8292ddf..., userDataDir: C:\Users\Satee\AppData\Loca...}, fedcm:accounts: true, goog:chromeOptions: {debuggerAddress: localhost:57128}, networkConnectionEnabled: false, pageLoadStrategy: normal, platformName: windows, proxy: Proxy(), se:cdp: ws://localhost:57128/devtoo..., se:cdpVersion: 126.0.6478.127, setWindowRect: true, strictFileInteractability: false, timeouts: {implicit: 0, pageLoad: 300000, script: 30000}, unhandledPromptBehavior: dismiss and notify, webauthn:extension:credBlob: true, webauthn:extension:largeBlob: true, webauthn:extension:minPinLength: true, webauthn:extension:prf: true, webauthn:virtualAuthenticators: true}
Session ID: 1f3fdb22acd55895190380ab94730664
2024-08-02 20:00:32,273 [main] [INFO ] rootLogger:42:Commands.java - Entered the value mac in By.name: search
2024-08-02 20:00:32,807 [main] [INFO ] rootLogger:27:Commands.java - Click is passed on:  By.xpath: //div[@id='search']//span
2024-08-02 20:00:33,707 [main] [INFO ] rootLogger:27:Commands.java - Click is passed on:  By.xpath: //a[text()='iMac']
2024-08-02 20:00:48,190 [main] [ERROR] rootLogger:45:Commands.java - Entering 2is failed  in  By.name: quantity23
2024-08-02 20:00:48,193 [main] [ERROR] rootLogger:46:Commands.java - Unable to find element with locator By.name: quantity23
For documentation on this error, please visit: https://www.selenium.dev/documentation/webdriver/troubleshooting/errors#no-such-element-exception
Build info: version: '4.18.1', revision: 'b1d3319b48'
System info: os.name: 'Windows 11', os.arch: 'amd64', os.version: '10.0', java.version: '11.0.20'
Driver info: driver.version: RemoteWebDriver
2024-08-02 20:01:41,347 [main] [INFO ] rootLogger:42:Commands.java - Entered the value mac in By.name: search
2024-08-02 20:01:41,971 [main] [INFO ] rootLogger:27:Commands.java - Click is passed on:  By.xpath: //div[@id='search']//span
2024-08-02 20:01:43,166 [main] [INFO ] rootLogger:27:Commands.java - Click is passed on:  By.xpath: //a[text()='iMac']
2024-08-02 20:02:03,273 [main] [ERROR] rootLogger:45:Commands.java - Entering 2is failed  in  By.name: quantity23
2024-08-02 20:02:03,275 [main] [ERROR] rootLogger:46:Commands.java - no such element: Unable to locate element: {"method":"css selector","selector":"*[name='quantity23']"}
  (Session info: chrome=126.0.6478.127)
For documentation on this error, please visit: https://www.selenium.dev/documentation/webdriver/troubleshooting/errors#no-such-element-exception
Build info: version: '4.18.1', revision: 'b1d3319b48'
System info: os.name: 'Windows 11', os.arch: 'amd64', os.version: '10.0', java.version: '11.0.20'
Driver info: org.openqa.selenium.chrome.ChromeDriver
Command: [fdd0fbb2922153af03cc2df67370b5a7, findElement {using=name, value=quantity23}]
Capabilities {acceptInsecureCerts: false, browserName: chrome, browserVersion: 126.0.6478.127, chrome: {chromedriverVersion: 126.0.6478.182 (5b5d8292ddf..., userDataDir: C:\Users\Satee\AppData\Loca...}, fedcm:accounts: true, goog:chromeOptions: {debuggerAddress: localhost:57258}, networkConnectionEnabled: false, pageLoadStrategy: normal, platformName: windows, proxy: Proxy(), se:cdp: ws://localhost:57258/devtoo..., se:cdpVersion: 126.0.6478.127, setWindowRect: true, strictFileInteractability: false, timeouts: {implicit: 0, pageLoad: 300000, script: 30000}, unhandledPromptBehavior: dismiss and notify, webauthn:extension:credBlob: true, webauthn:extension:largeBlob: true, webauthn:extension:minPinLength: true, webauthn:extension:prf: true, webauthn:virtualAuthenticators: true}
Session ID: fdd0fbb2922153af03cc2df67370b5a7
2024-08-02 20:02:08,257 [main] [INFO ] rootLogger:42:Commands.java - Entered the value mac in By.name: search
2024-08-02 20:02:08,714 [main] [INFO ] rootLogger:27:Commands.java - Click is passed on:  By.xpath: //div[@id='search']//span
2024-08-02 20:02:09,714 [main] [INFO ] rootLogger:27:Commands.java - Click is passed on:  By.xpath: //a[text()='iMac']
2024-08-02 20:02:29,806 [main] [ERROR] rootLogger:45:Commands.java - Entering 2is failed  in  By.name: quantity23
2024-08-02 20:02:29,806 [main] [ERROR] rootLogger:46:Commands.java - no such element: Unable to locate element: {"method":"css selector","selector":"*[name='quantity23']"}
  (Session info: chrome=126.0.6478.127)
For documentation on this error, please visit: https://www.selenium.dev/documentation/webdriver/troubleshooting/errors#no-such-element-exception
Build info: version: '4.18.1', revision: 'b1d3319b48'
System info: os.name: 'Windows 11', os.arch: 'amd64', os.version: '10.0', java.version: '11.0.20'
Driver info: org.openqa.selenium.chrome.ChromeDriver
Command: [6e97c26812c6ccee103517543841d42b, findElement {using=name, value=quantity23}]
Capabilities {acceptInsecureCerts: false, browserName: chrome, browserVersion: 126.0.6478.127, chrome: {chromedriverVersion: 126.0.6478.182 (5b5d8292ddf..., userDataDir: C:\Users\Satee\AppData\Loca...}, fedcm:accounts: true, goog:chromeOptions: {debuggerAddress: localhost:57298}, networkConnectionEnabled: false, pageLoadStrategy: normal, platformName: windows, proxy: Proxy(), se:cdp: ws://localhost:57298/devtoo..., se:cdpVersion: 126.0.6478.127, setWindowRect: true, strictFileInteractability: false, timeouts: {implicit: 0, pageLoad: 300000, script: 30000}, unhandledPromptBehavior: dismiss and notify, webauthn:extension:credBlob: true, webauthn:extension:largeBlob: true, webauthn:extension:minPinLength: true, webauthn:extension:prf: true, webauthn:virtualAuthenticators: true}
Session ID: 6e97c26812c6ccee103517543841d42b
2024-08-02 20:04:53,743 [main] [INFO ] rootLogger:42:Commands.java - Entered the value mac in By.name: search
2024-08-02 20:04:54,491 [main] [INFO ] rootLogger:27:Commands.java - Click is passed on:  By.xpath: //div[@id='search']//span
2024-08-02 20:04:56,227 [main] [INFO ] rootLogger:27:Commands.java - Click is passed on:  By.xpath: //a[text()='iMac']
2024-08-02 20:05:16,314 [main] [ERROR] rootLogger:45:Commands.java - Entering 2is failed  in  By.name: quantity23
2024-08-02 20:05:16,317 [main] [ERROR] rootLogger:46:Commands.java - no such element: Unable to locate element: {"method":"css selector","selector":"*[name='quantity23']"}
  (Session info: chrome=126.0.6478.127)
For documentation on this error, please visit: https://www.selenium.dev/documentation/webdriver/troubleshooting/errors#no-such-element-exception
Build info: version: '4.18.1', revision: 'b1d3319b48'
System info: os.name: 'Windows 11', os.arch: 'amd64', os.version: '10.0', java.version: '11.0.20'
Driver info: org.openqa.selenium.chrome.ChromeDriver
Command: [fb78dd2a6eedddab13948ed876fd1960, findElement {using=name, value=quantity23}]
Capabilities {acceptInsecureCerts: false, browserName: chrome, browserVersion: 126.0.6478.127, chrome: {chromedriverVersion: 126.0.6478.182 (5b5d8292ddf..., userDataDir: C:\Users\Satee\AppData\Loca...}, fedcm:accounts: true, goog:chromeOptions: {debuggerAddress: localhost:57420}, networkConnectionEnabled: false, pageLoadStrategy: normal, platformName: windows, proxy: Proxy(), se:cdp: ws://localhost:57420/devtoo..., se:cdpVersion: 126.0.6478.127, setWindowRect: true, strictFileInteractability: false, timeouts: {implicit: 0, pageLoad: 300000, script: 30000}, unhandledPromptBehavior: dismiss and notify, webauthn:extension:credBlob: true, webauthn:extension:largeBlob: true, webauthn:extension:minPinLength: true, webauthn:extension:prf: true, webauthn:virtualAuthenticators: true}
Session ID: fb78dd2a6eedddab13948ed876fd1960
2024-08-02 20:05:20,835 [main] [INFO ] rootLogger:42:Commands.java - Entered the value mac in By.name: search
2024-08-02 20:05:21,290 [main] [INFO ] rootLogger:27:Commands.java - Click is passed on:  By.xpath: //div[@id='search']//span
2024-08-02 20:05:22,025 [main] [INFO ] rootLogger:27:Commands.java - Click is passed on:  By.xpath: //a[text()='iMac']
2024-08-02 20:05:42,128 [main] [ERROR] rootLogger:45:Commands.java - Entering 2is failed  in  By.name: quantity23
2024-08-02 20:05:42,129 [main] [ERROR] rootLogger:46:Commands.java - no such element: Unable to locate element: {"method":"css selector","selector":"*[name='quantity23']"}
  (Session info: chrome=126.0.6478.127)
For documentation on this error, please visit: https://www.selenium.dev/documentation/webdriver/troubleshooting/errors#no-such-element-exception
Build info: version: '4.18.1', revision: 'b1d3319b48'
System info: os.name: 'Windows 11', os.arch: 'amd64', os.version: '10.0', java.version: '11.0.20'
Driver info: org.openqa.selenium.chrome.ChromeDriver
Command: [d5ab0e976590881d3322ceae03cd3eb6, findElement {using=name, value=quantity23}]
Capabilities {acceptInsecureCerts: false, browserName: chrome, browserVersion: 126.0.6478.127, chrome: {chromedriverVersion: 126.0.6478.182 (5b5d8292ddf..., userDataDir: C:\Users\Satee\AppData\Loca...}, fedcm:accounts: true, goog:chromeOptions: {debuggerAddress: localhost:57466}, networkConnectionEnabled: false, pageLoadStrategy: normal, platformName: windows, proxy: Proxy(), se:cdp: ws://localhost:57466/devtoo..., se:cdpVersion: 126.0.6478.127, setWindowRect: true, strictFileInteractability: false, timeouts: {implicit: 0, pageLoad: 300000, script: 30000}, unhandledPromptBehavior: dismiss and notify, webauthn:extension:credBlob: true, webauthn:extension:largeBlob: true, webauthn:extension:minPinLength: true, webauthn:extension:prf: true, webauthn:virtualAuthenticators: true}
Session ID: d5ab0e976590881d3322ceae03cd3eb6
2024-08-02 20:11:09,124 [main] [INFO ] rootLogger:42:Commands.java - Entered the value mac in By.name: search
2024-08-02 20:11:09,584 [main] [INFO ] rootLogger:27:Commands.java - Click is passed on:  By.xpath: //div[@id='search']//span
2024-08-02 20:11:10,437 [main] [INFO ] rootLogger:27:Commands.java - Click is passed on:  By.xpath: //a[text()='iMac']
2024-08-02 20:11:30,594 [main] [ERROR] rootLogger:45:Commands.java - Entering 2is failed  in  By.name: quantity23
2024-08-02 20:11:30,597 [main] [ERROR] rootLogger:46:Commands.java - no such element: Unable to locate element: {"method":"css selector","selector":"*[name='quantity23']"}
  (Session info: chrome=126.0.6478.127)
For documentation on this error, please visit: https://www.selenium.dev/documentation/webdriver/troubleshooting/errors#no-such-element-exception
Build info: version: '4.18.1', revision: 'b1d3319b48'
System info: os.name: 'Windows 11', os.arch: 'amd64', os.version: '10.0', java.version: '11.0.20'
Driver info: org.openqa.selenium.chrome.ChromeDriver
Command: [7a6d59b998efd4edca9c71f26a9720f0, findElement {using=name, value=quantity23}]
Capabilities {acceptInsecureCerts: false, browserName: chrome, browserVersion: 126.0.6478.127, chrome: {chromedriverVersion: 126.0.6478.182 (5b5d8292ddf..., userDataDir: C:\Users\Satee\AppData\Loca...}, fedcm:accounts: true, goog:chromeOptions: {debuggerAddress: localhost:57707}, networkConnectionEnabled: false, pageLoadStrategy: normal, platformName: windows, proxy: Proxy(), se:cdp: ws://localhost:57707/devtoo..., se:cdpVersion: 126.0.6478.127, setWindowRect: true, strictFileInteractability: false, timeouts: {implicit: 0, pageLoad: 300000, script: 30000}, unhandledPromptBehavior: dismiss and notify, webauthn:extension:credBlob: true, webauthn:extension:largeBlob: true, webauthn:extension:minPinLength: true, webauthn:extension:prf: true, webauthn:virtualAuthenticators: true}
Session ID: 7a6d59b998efd4edca9c71f26a9720f0
2024-08-02 20:14:44,291 [main] [INFO ] rootLogger:42:Commands.java - Entered the value mac in By.name: search
2024-08-02 20:14:44,746 [main] [INFO ] rootLogger:27:Commands.java - Click is passed on:  By.xpath: //div[@id='search']//span
2024-08-02 20:14:46,292 [main] [INFO ] rootLogger:27:Commands.java - Click is passed on:  By.xpath: //a[text()='iMac']
2024-08-02 20:15:06,426 [main] [ERROR] rootLogger:45:Commands.java - Entering 2is failed  in  By.name: quantity23
2024-08-02 20:15:06,429 [main] [ERROR] rootLogger:46:Commands.java - no such element: Unable to locate element: {"method":"css selector","selector":"*[name='quantity23']"}
  (Session info: chrome=126.0.6478.127)
For documentation on this error, please visit: https://www.selenium.dev/documentation/webdriver/troubleshooting/errors#no-such-element-exception
Build info: version: '4.18.1', revision: 'b1d3319b48'
System info: os.name: 'Windows 11', os.arch: 'amd64', os.version: '10.0', java.version: '11.0.20'
Driver info: org.openqa.selenium.chrome.ChromeDriver
Command: [9a9c6ddc05e448083801d7224b1af6bb, findElement {using=name, value=quantity23}]
Capabilities {acceptInsecureCerts: false, browserName: chrome, browserVersion: 126.0.6478.127, chrome: {chromedriverVersion: 126.0.6478.182 (5b5d8292ddf..., userDataDir: C:\Users\Satee\AppData\Loca...}, fedcm:accounts: true, goog:chromeOptions: {debuggerAddress: localhost:57870}, networkConnectionEnabled: false, pageLoadStrategy: normal, platformName: windows, proxy: Proxy(), se:cdp: ws://localhost:57870/devtoo..., se:cdpVersion: 126.0.6478.127, setWindowRect: true, strictFileInteractability: false, timeouts: {implicit: 0, pageLoad: 300000, script: 30000}, unhandledPromptBehavior: dismiss and notify, webauthn:extension:credBlob: true, webauthn:extension:largeBlob: true, webauthn:extension:minPinLength: true, webauthn:extension:prf: true, webauthn:virtualAuthenticators: true}
Session ID: 9a9c6ddc05e448083801d7224b1af6bb
2024-08-02 20:15:11,193 [main] [INFO ] rootLogger:42:Commands.java - Entered the value mac in By.name: search
2024-08-02 20:15:11,695 [main] [INFO ] rootLogger:27:Commands.java - Click is passed on:  By.xpath: //div[@id='search']//span
2024-08-02 20:15:12,510 [main] [INFO ] rootLogger:27:Commands.java - Click is passed on:  By.xpath: //a[text()='iMac']
2024-08-02 20:15:32,591 [main] [ERROR] rootLogger:45:Commands.java - Entering 2is failed  in  By.name: quantity23
2024-08-02 20:15:32,592 [main] [ERROR] rootLogger:46:Commands.java - no such element: Unable to locate element: {"method":"css selector","selector":"*[name='quantity23']"}
  (Session info: chrome=126.0.6478.127)
For documentation on this error, please visit: https://www.selenium.dev/documentation/webdriver/troubleshooting/errors#no-such-element-exception
Build info: version: '4.18.1', revision: 'b1d3319b48'
System info: os.name: 'Windows 11', os.arch: 'amd64', os.version: '10.0', java.version: '11.0.20'
Driver info: org.openqa.selenium.chrome.ChromeDriver
Command: [aa42e855641440b3afa624471ccc19ee, findElement {using=name, value=quantity23}]
Capabilities {acceptInsecureCerts: false, browserName: chrome, browserVersion: 126.0.6478.127, chrome: {chromedriverVersion: 126.0.6478.182 (5b5d8292ddf..., userDataDir: C:\Users\Satee\AppData\Loca...}, fedcm:accounts: true, goog:chromeOptions: {debuggerAddress: localhost:57916}, networkConnectionEnabled: false, pageLoadStrategy: normal, platformName: windows, proxy: Proxy(), se:cdp: ws://localhost:57916/devtoo..., se:cdpVersion: 126.0.6478.127, setWindowRect: true, strictFileInteractability: false, timeouts: {implicit: 0, pageLoad: 300000, script: 30000}, unhandledPromptBehavior: dismiss and notify, webauthn:extension:credBlob: true, webauthn:extension:largeBlob: true, webauthn:extension:minPinLength: true, webauthn:extension:prf: true, webauthn:virtualAuthenticators: true}
Session ID: aa42e855641440b3afa624471ccc19ee
2024-08-02 20:16:58,027 [main] [INFO ] rootLogger:42:Commands.java - Entered the value mac in By.name: search
2024-08-02 20:16:58,476 [main] [INFO ] rootLogger:27:Commands.java - Click is passed on:  By.xpath: //div[@id='search']//span
2024-08-02 20:16:59,258 [main] [INFO ] rootLogger:27:Commands.java - Click is passed on:  By.xpath: //a[text()='iMac']
2024-08-02 20:16:59,402 [main] [INFO ] rootLogger:42:Commands.java - Entered the value 2 in By.name: quantity
2024-08-02 20:16:59,516 [main] [INFO ] rootLogger:27:Commands.java - Click is passed on:  By.id: button-cart
2024-08-02 20:16:59,623 [main] [INFO ] rootLogger:27:Commands.java - Click is passed on:  By.xpath: //span[@id='cart-total']/..
2024-08-02 20:16:59,658 [main] [INFO ] rootLogger:66:Commands.java - Get the text message from the application UI. The value is : Your shopping cart is empty!
2024-08-02 20:16:59,658 [main] [INFO ] rootLogger:81:Commands.java - Validation is successful between respective stringsYour shopping cart is empty!,,Your shopping cart is empty!
2024-08-02 20:18:31,446 [main] [INFO ] rootLogger:42:Commands.java - Entered the value mac in By.name: search
2024-08-02 20:18:31,986 [main] [INFO ] rootLogger:27:Commands.java - Click is passed on:  By.xpath: //div[@id='search']//span
2024-08-02 20:18:32,828 [main] [INFO ] rootLogger:27:Commands.java - Click is passed on:  By.xpath: //a[text()='iMac']
2024-08-02 20:18:32,967 [main] [INFO ] rootLogger:42:Commands.java - Entered the value 2 in By.name: quantity
2024-08-02 20:18:33,077 [main] [INFO ] rootLogger:27:Commands.java - Click is passed on:  By.id: button-cart
2024-08-02 20:18:33,182 [main] [INFO ] rootLogger:27:Commands.java - Click is passed on:  By.xpath: //span[@id='cart-total']/..
2024-08-02 20:18:33,237 [main] [INFO ] rootLogger:66:Commands.java - Get the text message from the application UI. The value is : Your shopping cart is empty!
2024-08-02 20:18:33,238 [main] [INFO ] rootLogger:81:Commands.java - Validation is successful between respective stringsYour shopping cart is empty!,,Your shopping cart is empty!
2024-08-07 17:58:17,349 [main] [INFO ] rootLogger:42:Commands.java - Entered the value mac in By.name: search
2024-08-07 17:58:17,859 [main] [INFO ] rootLogger:27:Commands.java - Click is passed on:  By.xpath: //div[@id='search']//span
2024-08-07 17:58:58,218 [main] [ERROR] rootLogger:30:Commands.java - Click is failed :  By.xpath: //a[text()='iMac']
2024-08-07 17:58:58,218 [main] [ERROR] rootLogger:31:Commands.java - element not interactable
  (Session info: chrome=127.0.6533.89)
Build info: version: '4.18.1', revision: 'b1d3319b48'
System info: os.name: 'Windows 11', os.arch: 'amd64', os.version: '10.0', java.version: '11.0.20'
Driver info: org.openqa.selenium.chrome.ChromeDriver
Command: [25197f3820ebe81b26490a6059e36077, clickElement {id=f.3A9AD29780DB5EE0A39923363FB4C053.d.66B7AAF93DC729790B52CBFD65D9F5BA.e.124}]
Capabilities {acceptInsecureCerts: false, browserName: chrome, browserVersion: 127.0.6533.89, chrome: {chromedriverVersion: 127.0.6533.99 (f31af5097d90..., userDataDir: C:\Windows\SystemTemp\scope...}, fedcm:accounts: true, goog:chromeOptions: {debuggerAddress: localhost:52224}, networkConnectionEnabled: false, pageLoadStrategy: normal, platformName: windows, proxy: Proxy(), se:cdp: ws://localhost:52224/devtoo..., se:cdpVersion: 127.0.6533.89, setWindowRect: true, strictFileInteractability: false, timeouts: {implicit: 0, pageLoad: 300000, script: 30000}, unhandledPromptBehavior: dismiss and notify, webauthn:extension:credBlob: true, webauthn:extension:largeBlob: true, webauthn:extension:minPinLength: true, webauthn:extension:prf: true, webauthn:virtualAuthenticators: true}
Element: [[ChromeDriver: chrome on windows (25197f3820ebe81b26490a6059e36077)] -> xpath: //a[text()='iMac']]
Session ID: 25197f3820ebe81b26490a6059e36077
2024-08-07 18:02:55,526 [main] [INFO ] rootLogger:42:Commands.java - Entered the value mac in By.name: search
2024-08-07 18:02:56,068 [main] [INFO ] rootLogger:27:Commands.java - Click is passed on:  By.xpath: //div[@id='search']//span
2024-08-07 18:03:36,514 [main] [ERROR] rootLogger:30:Commands.java - Click is failed :  By.xpath: //a[text()='iMac']
2024-08-07 18:03:36,516 [main] [ERROR] rootLogger:31:Commands.java - element not interactable
  (Session info: chrome=127.0.6533.89)
Build info: version: '4.18.1', revision: 'b1d3319b48'
System info: os.name: 'Windows 11', os.arch: 'amd64', os.version: '10.0', java.version: '11.0.20'
Driver info: org.openqa.selenium.chrome.ChromeDriver
Command: [2fc2565a21fdba35732956a622e76c05, clickElement {id=f.194FCEFF2E9D320CB03BA1422840C9C7.d.F375CE91A81B1BB4E7F372B83FDF3970.e.125}]
Capabilities {acceptInsecureCerts: false, browserName: chrome, browserVersion: 127.0.6533.89, chrome: {chromedriverVersion: 127.0.6533.99 (f31af5097d90..., userDataDir: C:\Windows\SystemTemp\scope...}, fedcm:accounts: true, goog:chromeOptions: {debuggerAddress: localhost:52575}, networkConnectionEnabled: false, pageLoadStrategy: normal, platformName: windows, proxy: Proxy(), se:cdp: ws://localhost:52575/devtoo..., se:cdpVersion: 127.0.6533.89, setWindowRect: true, strictFileInteractability: false, timeouts: {implicit: 0, pageLoad: 300000, script: 30000}, unhandledPromptBehavior: dismiss and notify, webauthn:extension:credBlob: true, webauthn:extension:largeBlob: true, webauthn:extension:minPinLength: true, webauthn:extension:prf: true, webauthn:virtualAuthenticators: true}
Element: [[ChromeDriver: chrome on windows (2fc2565a21fdba35732956a622e76c05)] -> xpath: //a[text()='iMac']]
Session ID: 2fc2565a21fdba35732956a622e76c05
2024-08-07 19:23:13,648 [main] [INFO ] rootLogger:42:Commands.java - Entered the value mac in By.name: search
2024-08-07 19:23:14,225 [main] [INFO ] rootLogger:27:Commands.java - Click is passed on:  By.xpath: //div[@id='search']//span
2024-08-07 19:23:44,752 [main] [ERROR] rootLogger:30:Commands.java - Click is failed :  By.xpath: //a[text()='iMac']
2024-08-07 19:23:44,762 [main] [ERROR] rootLogger:31:Commands.java - no such window: target window already closed
from unknown error: web view not found
  (Session info: chrome=127.0.6533.89)
Build info: version: '4.18.1', revision: 'b1d3319b48'
System info: os.name: 'Windows 11', os.arch: 'amd64', os.version: '10.0', java.version: '11.0.20'
Driver info: org.openqa.selenium.chrome.ChromeDriver
Command: [ab26b2f1cecc329d313a55a9e0524611, findElement {value=//a[text()='iMac'], using=xpath}]
Capabilities {acceptInsecureCerts: false, browserName: chrome, browserVersion: 127.0.6533.89, chrome: {chromedriverVersion: 127.0.6533.99 (f31af5097d90..., userDataDir: C:\Users\Satee\AppData\Loca...}, fedcm:accounts: true, goog:chromeOptions: {debuggerAddress: localhost:54342}, networkConnectionEnabled: false, pageLoadStrategy: normal, platformName: windows, proxy: Proxy(), se:cdp: ws://localhost:54342/devtoo..., se:cdpVersion: 127.0.6533.89, setWindowRect: true, strictFileInteractability: false, timeouts: {implicit: 0, pageLoad: 300000, script: 30000}, unhandledPromptBehavior: dismiss and notify, webauthn:extension:credBlob: true, webauthn:extension:largeBlob: true, webauthn:extension:minPinLength: true, webauthn:extension:prf: true, webauthn:virtualAuthenticators: true}
Session ID: ab26b2f1cecc329d313a55a9e0524611
2024-08-07 19:48:20,829 [main] [INFO ] rootLogger:42:Commands.java - Entered the value mac in By.name: search
2024-08-07 19:48:21,423 [main] [INFO ] rootLogger:27:Commands.java - Click is passed on:  By.xpath: //div[@id='search']//span
2024-08-07 19:49:01,635 [main] [ERROR] rootLogger:30:Commands.java - Click is failed :  By.xpath: //a[text()='iMac']
2024-08-07 19:49:01,638 [main] [ERROR] rootLogger:31:Commands.java - element not interactable
  (Session info: chrome=127.0.6533.89)
Build info: version: '4.18.1', revision: 'b1d3319b48'
System info: os.name: 'Windows 11', os.arch: 'amd64', os.version: '10.0', java.version: '11.0.20'
Driver info: org.openqa.selenium.chrome.ChromeDriver
Command: [d4167ef513f65ae4064364dc82954dd9, clickElement {id=f.CA6C545BEFE5DAC9C2EDAC4AC9FD06F2.d.5BA4B2E38CC4B4523B26AF4178927126.e.132}]
Capabilities {acceptInsecureCerts: false, browserName: chrome, browserVersion: 127.0.6533.89, chrome: {chromedriverVersion: 127.0.6533.99 (f31af5097d90..., userDataDir: C:\Windows\SystemTemp\scope...}, fedcm:accounts: true, goog:chromeOptions: {debuggerAddress: localhost:54612}, networkConnectionEnabled: false, pageLoadStrategy: normal, platformName: windows, proxy: Proxy(), se:cdp: ws://localhost:54612/devtoo..., se:cdpVersion: 127.0.6533.89, setWindowRect: true, strictFileInteractability: false, timeouts: {implicit: 0, pageLoad: 300000, script: 30000}, unhandledPromptBehavior: dismiss and notify, webauthn:extension:credBlob: true, webauthn:extension:largeBlob: true, webauthn:extension:minPinLength: true, webauthn:extension:prf: true, webauthn:virtualAuthenticators: true}
Element: [[ChromeDriver: chrome on windows (d4167ef513f65ae4064364dc82954dd9)] -> xpath: //a[text()='iMac']]
Session ID: d4167ef513f65ae4064364dc82954dd9
2024-08-07 19:51:32,930 [main] [INFO ] rootLogger:42:Commands.java - Entered the value mac in By.name: search
2024-08-07 19:51:33,477 [main] [INFO ] rootLogger:27:Commands.java - Click is passed on:  By.xpath: //div[@id='search']//span
2024-08-07 19:52:14,046 [main] [ERROR] rootLogger:30:Commands.java - Click is failed :  By.xpath: //a[text()='iMac']
2024-08-07 19:52:14,048 [main] [ERROR] rootLogger:31:Commands.java - element not interactable
  (Session info: chrome=127.0.6533.89)
Build info: version: '4.18.1', revision: 'b1d3319b48'
System info: os.name: 'Windows 11', os.arch: 'amd64', os.version: '10.0', java.version: '11.0.20'
Driver info: org.openqa.selenium.chrome.ChromeDriver
Command: [ea84272eb4b3d5db040fa41c9351f106, clickElement {id=f.CA7E6873BAB35C0F7C10EC697FCA8C45.d.8A15CF93649B33B75C1AF9E5DB296E5E.e.133}]
Capabilities {acceptInsecureCerts: false, browserName: chrome, browserVersion: 127.0.6533.89, chrome: {chromedriverVersion: 127.0.6533.99 (f31af5097d90..., userDataDir: C:\Windows\SystemTemp\scope...}, fedcm:accounts: true, goog:chromeOptions: {debuggerAddress: localhost:54690}, networkConnectionEnabled: false, pageLoadStrategy: normal, platformName: windows, proxy: Proxy(), se:cdp: ws://localhost:54690/devtoo..., se:cdpVersion: 127.0.6533.89, setWindowRect: true, strictFileInteractability: false, timeouts: {implicit: 0, pageLoad: 300000, script: 30000}, unhandledPromptBehavior: dismiss and notify, webauthn:extension:credBlob: true, webauthn:extension:largeBlob: true, webauthn:extension:minPinLength: true, webauthn:extension:prf: true, webauthn:virtualAuthenticators: true}
Element: [[ChromeDriver: chrome on windows (ea84272eb4b3d5db040fa41c9351f106)] -> xpath: //a[text()='iMac']]
Session ID: ea84272eb4b3d5db040fa41c9351f106
2024-08-11 12:22:32,794 [main] [INFO ] rootLogger:42:Commands.java - Entered the value mac in By.name: search
2024-08-11 12:22:33,213 [main] [INFO ] rootLogger:27:Commands.java - Click is passed on:  By.xpath: //div[@id='search']//span
2024-08-11 12:23:13,906 [main] [INFO ] rootLogger:42:Commands.java - Entered the value mac in By.name: search
2024-08-11 12:23:14,645 [main] [INFO ] rootLogger:27:Commands.java - Click is passed on:  By.xpath: //div[@id='search']//span
2024-08-11 12:23:37,930 [main] [INFO ] rootLogger:27:Commands.java - Click is passed on:  By.xpath: //a[text()='iMac']
2024-08-11 12:23:38,167 [main] [INFO ] rootLogger:42:Commands.java - Entered the value 2 in By.name: quantity
2024-08-11 12:23:38,300 [main] [INFO ] rootLogger:27:Commands.java - Click is passed on:  By.id: button-cart
2024-08-11 12:23:38,421 [main] [INFO ] rootLogger:27:Commands.java - Click is passed on:  By.xpath: //span[@id='cart-total']/..
2024-08-11 12:23:38,472 [main] [INFO ] rootLogger:66:Commands.java - Get the text message from the application UI. The value is : View Cart   Checkout
2024-08-11 12:23:38,472 [main] [ERROR] rootLogger:83:Commands.java - VALIDATION IS FAILED BETWEENView Cart   Checkout,,Your shopping cart is empty!
2024-08-11 12:25:13,493 [main] [INFO ] rootLogger:42:Commands.java - Entered the value mac in By.name: search
2024-08-11 12:25:15,137 [main] [INFO ] rootLogger:27:Commands.java - Click is passed on:  By.xpath: //div[@id='search']//span
2024-08-11 12:25:24,031 [main] [INFO ] rootLogger:27:Commands.java - Click is passed on:  By.xpath: //a[text()='iMac']
2024-08-11 12:25:24,220 [main] [INFO ] rootLogger:42:Commands.java - Entered the value 2 in By.name: quantity
2024-08-11 12:25:24,348 [main] [INFO ] rootLogger:27:Commands.java - Click is passed on:  By.id: button-cart
2024-08-11 12:25:24,453 [main] [INFO ] rootLogger:27:Commands.java - Click is passed on:  By.xpath: //span[@id='cart-total']/..
2024-08-11 12:25:24,510 [main] [INFO ] rootLogger:66:Commands.java - Get the text message from the application UI. The value is : View Cart   Checkout
2024-08-11 12:25:24,510 [main] [ERROR] rootLogger:83:Commands.java - VALIDATION IS FAILED BETWEENView Cart   Checkout,,Your shopping cart is empty!
2024-08-11 12:25:31,129 [main] [INFO ] rootLogger:42:Commands.java - Entered the value mac in By.name: search
2024-08-11 12:25:32,541 [main] [INFO ] rootLogger:27:Commands.java - Click is passed on:  By.xpath: //div[@id='search']//span
2024-08-11 12:25:35,469 [main] [INFO ] rootLogger:27:Commands.java - Click is passed on:  By.xpath: //a[text()='iMac']
2024-08-11 12:25:35,641 [main] [INFO ] rootLogger:42:Commands.java - Entered the value 2 in By.name: quantity
2024-08-11 12:25:35,683 [main] [INFO ] rootLogger:66:Commands.java - Get the text message from the application UI. The value is : iMac
2024-08-11 12:25:35,781 [main] [INFO ] rootLogger:27:Commands.java - Click is passed on:  By.id: button-cart
2024-08-11 12:25:35,875 [main] [INFO ] rootLogger:27:Commands.java - Click is passed on:  By.xpath: //span[@id='cart-total']/..
2024-08-11 12:25:35,910 [main] [INFO ] rootLogger:66:Commands.java - Get the text message from the application UI. The value is : iMac
2024-08-11 12:25:35,915 [main] [INFO ] rootLogger:81:Commands.java - Validation is successful between respective stringsiMac,,iMac
2024-08-11 12:25:36,005 [main] [INFO ] rootLogger:27:Commands.java - Click is passed on:  By.xpath: //button[@title='Remove']
2024-08-11 12:26:49,136 [main] [INFO ] rootLogger:42:Commands.java - Entered the value mac in By.name: search
2024-08-11 12:26:49,645 [main] [INFO ] rootLogger:27:Commands.java - Click is passed on:  By.xpath: //div[@id='search']//span
2024-08-11 12:26:50,853 [main] [INFO ] rootLogger:27:Commands.java - Click is passed on:  By.xpath: //a[text()='iMac']
2024-08-11 12:26:51,020 [main] [INFO ] rootLogger:42:Commands.java - Entered the value 2 in By.name: quantity
2024-08-11 12:26:51,126 [main] [INFO ] rootLogger:27:Commands.java - Click is passed on:  By.id: button-cart
2024-08-11 12:26:51,200 [main] [INFO ] rootLogger:27:Commands.java - Click is passed on:  By.xpath: //span[@id='cart-total']/..
2024-08-11 12:26:51,233 [main] [INFO ] rootLogger:66:Commands.java - Get the text message from the application UI. The value is : Your shopping cart is empty!
2024-08-11 12:26:51,236 [main] [INFO ] rootLogger:81:Commands.java - Validation is successful between respective stringsYour shopping cart is empty!,,Your shopping cart is empty!
2024-08-11 12:27:22,354 [main] [INFO ] rootLogger:42:Commands.java - Entered the value mac in By.name: search
2024-08-11 12:27:22,984 [main] [INFO ] rootLogger:27:Commands.java - Click is passed on:  By.xpath: //div[@id='search']//span
2024-08-11 12:27:49,155 [main] [INFO ] rootLogger:27:Commands.java - Click is passed on:  By.xpath: //a[text()='iMac']
2024-08-11 12:27:49,326 [main] [INFO ] rootLogger:42:Commands.java - Entered the value 2 in By.name: quantity
2024-08-11 12:27:49,368 [main] [INFO ] rootLogger:66:Commands.java - Get the text message from the application UI. The value is : iMac
2024-08-11 12:27:49,505 [main] [INFO ] rootLogger:27:Commands.java - Click is passed on:  By.id: button-cart
2024-08-11 12:27:49,627 [main] [INFO ] rootLogger:27:Commands.java - Click is passed on:  By.xpath: //span[@id='cart-total']/..
2024-08-11 12:27:49,661 [main] [INFO ] rootLogger:66:Commands.java - Get the text message from the application UI. The value is : iMac
2024-08-11 12:27:49,668 [main] [INFO ] rootLogger:81:Commands.java - Validation is successful between respective stringsiMac,,iMac
2024-08-11 12:27:49,782 [main] [INFO ] rootLogger:27:Commands.java - Click is passed on:  By.xpath: //button[@title='Remove']
